<?xml version="1.0" encoding="UTF-8"?>
<!-- Generated by org.testng.reporters.JUnitXMLReporter -->
<testsuite hostname="RSI1508" ignored="0" name="Default test" tests="2" failures="0" timestamp="2020-02-03T10:39:22 BRT" time="16.543" errors="0">
  <testcase name="BuscaSucesso" time="5.155" classname="br.com.rsinet.Appium_Project.ProjetoAppium.BuscaTest"/>
  <testcase name="BuscaFalha" time="0.002" classname="br.com.rsinet.Appium_Project.ProjetoAppium.BuscaTest"/>
</testsuite> <!-- Default test -->
