<?xml version="1.0" encoding="UTF-8"?>
<!-- Generated by org.testng.reporters.JUnitXMLReporter -->
<testsuite hostname="RSI1508" ignored="0" name="Default test" tests="2" failures="0" timestamp="2020-02-11T13:36:51 BRT" time="40.708" errors="0">
  <testcase name="BuscaFalha" time="16.384" classname="br.com.rsinet.Appium_Project.ProjetoAppium.BuscaTest"/>
  <testcase name="BuscaSucesso" time="7.815" classname="br.com.rsinet.Appium_Project.ProjetoAppium.BuscaTest"/>
</testsuite> <!-- Default test -->
