<?xml version="1.0" encoding="UTF-8"?>
<testng-results skipped="0" failed="0" ignored="0" total="2" passed="2">
  <reporter-output>
  </reporter-output>
  <suite name="Default suite" duration-ms="40708" started-at="2020-02-11T13:36:10 BRT" finished-at="2020-02-11T13:36:51 BRT">
    <groups>
    </groups>
    <test name="Default test" duration-ms="40708" started-at="2020-02-11T13:36:10 BRT" finished-at="2020-02-11T13:36:51 BRT">
      <class name="br.com.rsinet.Appium_Project.ProjetoAppium.BuscaTest">
        <test-method status="PASS" signature="IniciaReport()[pri:0, instance:br.com.rsinet.Appium_Project.ProjetoAppium.BuscaTest@3cb1ffe6]" name="IniciaReport" is-config="true" duration-ms="83" started-at="2020-02-11T13:36:10 BRT" finished-at="2020-02-11T13:36:11 BRT">
          <reporter-output>
          </reporter-output>
        </test-method> <!-- IniciaReport -->
        <test-method status="PASS" signature="iniciaApp()[pri:0, instance:br.com.rsinet.Appium_Project.ProjetoAppium.BuscaTest@3cb1ffe6]" name="iniciaApp" is-config="true" duration-ms="8127" started-at="2020-02-11T13:36:11 BRT" finished-at="2020-02-11T13:36:19 BRT">
          <reporter-output>
          </reporter-output>
        </test-method> <!-- iniciaApp -->
        <test-method status="PASS" signature="BuscaFalha()[pri:0, instance:br.com.rsinet.Appium_Project.ProjetoAppium.BuscaTest@3cb1ffe6]" name="BuscaFalha" duration-ms="16384" started-at="2020-02-11T13:36:19 BRT" finished-at="2020-02-11T13:36:35 BRT">
          <reporter-output>
          </reporter-output>
        </test-method> <!-- BuscaFalha -->
        <test-method status="PASS" signature="fechaApp(org.testng.ITestResult)[pri:0, instance:br.com.rsinet.Appium_Project.ProjetoAppium.BuscaTest@3cb1ffe6]" name="fechaApp" is-config="true" duration-ms="772" started-at="2020-02-11T13:36:35 BRT" finished-at="2020-02-11T13:36:36 BRT">
          <params>
            <param index="0">
              <value>
                <![CDATA[[TestResult name=BuscaFalha status=SUCCESS method=BuscaTest.BuscaFalha()[pri:0, instance:br.com.rsinet.Appium_Project.ProjetoAppium.BuscaTest@3cb1ffe6] output={null}]]]>
              </value>
            </param>
          </params>
          <reporter-output>
          </reporter-output>
        </test-method> <!-- fechaApp -->
        <test-method status="PASS" signature="iniciaApp()[pri:0, instance:br.com.rsinet.Appium_Project.ProjetoAppium.BuscaTest@3cb1ffe6]" name="iniciaApp" is-config="true" duration-ms="6347" started-at="2020-02-11T13:36:36 BRT" finished-at="2020-02-11T13:36:42 BRT">
          <reporter-output>
          </reporter-output>
        </test-method> <!-- iniciaApp -->
        <test-method status="PASS" signature="BuscaSucesso()[pri:0, instance:br.com.rsinet.Appium_Project.ProjetoAppium.BuscaTest@3cb1ffe6]" name="BuscaSucesso" duration-ms="7815" started-at="2020-02-11T13:36:42 BRT" finished-at="2020-02-11T13:36:50 BRT">
          <reporter-output>
          </reporter-output>
        </test-method> <!-- BuscaSucesso -->
        <test-method status="PASS" signature="fechaApp(org.testng.ITestResult)[pri:0, instance:br.com.rsinet.Appium_Project.ProjetoAppium.BuscaTest@3cb1ffe6]" name="fechaApp" is-config="true" duration-ms="759" started-at="2020-02-11T13:36:50 BRT" finished-at="2020-02-11T13:36:51 BRT">
          <params>
            <param index="0">
              <value>
                <![CDATA[[TestResult name=BuscaSucesso status=SUCCESS method=BuscaTest.BuscaSucesso()[pri:0, instance:br.com.rsinet.Appium_Project.ProjetoAppium.BuscaTest@3cb1ffe6] output={null}]]]>
              </value>
            </param>
          </params>
          <reporter-output>
          </reporter-output>
        </test-method> <!-- fechaApp -->
        <test-method status="PASS" signature="finalizaReport()[pri:0, instance:br.com.rsinet.Appium_Project.ProjetoAppium.BuscaTest@3cb1ffe6]" name="finalizaReport" is-config="true" duration-ms="396" started-at="2020-02-11T13:36:51 BRT" finished-at="2020-02-11T13:36:51 BRT">
          <reporter-output>
          </reporter-output>
        </test-method> <!-- finalizaReport -->
      </class> <!-- br.com.rsinet.Appium_Project.ProjetoAppium.BuscaTest -->
    </test> <!-- Default test -->
  </suite> <!-- Default suite -->
</testng-results>
